------------------------------------------------------------------------------------------------------------------------

[2020-11-05 09:23:25 #1 store] 
Database '/home/etienne/Desktop/IFT287/IFT287/TP3/JardinCollectif/jardin.odb' is opened by 54799@etienne-Inspiron-7570

[2020-11-05 09:23:25 #2 store] 
Configuration path: ?

[2020-11-05 09:23:26 #3 type.registry] 
New type JardinCollectif.TupleLot

[2020-11-05 09:23:26 #4 type] 
Type JardinCollectif.TupleLot is not enhanced.

[2020-11-05 09:23:26 #5 type.registry] 
New type JardinCollectif.TupleMembre

[2020-11-05 09:23:26 #6 type] 
Type JardinCollectif.TupleMembre is not enhanced.

[2020-11-05 09:23:26 #7 type.registry] 
New type JardinCollectif.TuplePlante

[2020-11-05 09:23:26 #8 type] 
Type JardinCollectif.TuplePlante is not enhanced.

[2020-11-05 09:23:26 #9 type.registry] 
New type JardinCollectif.TuplePlants

[2020-11-05 09:23:26 #10 type] 
Type JardinCollectif.TuplePlants is not enhanced.

[2020-11-05 09:25:25 #11 type.registry] 
New type java.util.ArrayList<java.lang.Object>

[2020-11-05 09:25:25 #12 type.registry] 
New type java.util.ArrayList<java.lang.Integer>

[2020-11-05 09:31:31 #13 store] 
Database '/home/etienne/Desktop/IFT287/IFT287/TP3/JardinCollectif/jardin.odb' is closed by 54799@etienne-Inspiron-7570

------------------------------------------------------------------------------------------------------------------------

[2020-11-05 09:31:38 #1 store] 
Database '/home/etienne/Desktop/IFT287/IFT287/TP3/JardinCollectif/jardin.odb' is opened by 55107@etienne-Inspiron-7570

[2020-11-05 09:31:38 #2 store] 
Configuration path: ?

[2020-11-05 09:31:38 #3 type] 
Type JardinCollectif.TupleLot is not enhanced.

[2020-11-05 09:31:38 #4 type] 
Type JardinCollectif.TupleMembre is not enhanced.

[2020-11-05 09:31:38 #5 type] 
Type JardinCollectif.TuplePlante is not enhanced.

[2020-11-05 09:31:38 #6 type] 
Type JardinCollectif.TuplePlants is not enhanced.

[2020-11-05 09:37:14 #7 store] 
Database '/home/etienne/Desktop/IFT287/IFT287/TP3/JardinCollectif/jardin.odb' is closed by 55107@etienne-Inspiron-7570

------------------------------------------------------------------------------------------------------------------------

[2020-11-05 09:37:41 #1 store] 
Database '/home/etienne/Desktop/IFT287/IFT287/TP3/JardinCollectif/jardin.odb' has been recovered (tr. 14-16)

[2020-11-05 09:37:41 #2 store] 
Database '/home/etienne/Desktop/IFT287/IFT287/TP3/JardinCollectif/jardin.odb' is opened by 55307@etienne-Inspiron-7570

[2020-11-05 09:37:41 #3 store] 
Configuration path: ?

[2020-11-05 09:37:41 #4 type] 
Type JardinCollectif.TupleLot is not enhanced.

[2020-11-05 09:37:41 #5 type] 
Type JardinCollectif.TupleMembre is not enhanced.

[2020-11-05 09:37:41 #6 type] 
Type JardinCollectif.TuplePlante is not enhanced.

[2020-11-05 09:37:41 #7 type] 
Type JardinCollectif.TuplePlants is not enhanced.

------------------------------------------------------------------------------------------------------------------------

[2020-11-05 09:38:52 #1 store] 
Database '/home/etienne/Desktop/IFT287/IFT287/TP3/JardinCollectif/jardin.odb' is opened by 55425@etienne-Inspiron-7570

[2020-11-05 09:38:52 #2 store] 
Configuration path: ?

[2020-11-05 09:38:52 #3 type] 
Type JardinCollectif.TupleLot is not enhanced.

[2020-11-05 09:38:52 #4 type] 
Type JardinCollectif.TupleMembre is not enhanced.

[2020-11-05 09:38:52 #5 type] 
Type JardinCollectif.TuplePlante is not enhanced.

[2020-11-05 09:38:52 #6 type] 
Type JardinCollectif.TuplePlants is not enhanced.

------------------------------------------------------------------------------------------------------------------------

[2020-11-05 09:39:15 #1 store] 
Database '/home/etienne/Desktop/IFT287/IFT287/TP3/JardinCollectif/jardin.odb' is opened by 55467@etienne-Inspiron-7570

[2020-11-05 09:39:15 #2 store] 
Configuration path: ?

[2020-11-05 09:39:15 #3 type] 
Type JardinCollectif.TupleLot is not enhanced.

[2020-11-05 09:39:15 #4 type] 
Type JardinCollectif.TupleMembre is not enhanced.

[2020-11-05 09:39:15 #5 type] 
Type JardinCollectif.TuplePlante is not enhanced.

[2020-11-05 09:39:15 #6 type] 
Type JardinCollectif.TuplePlants is not enhanced.

------------------------------------------------------------------------------------------------------------------------

[2020-11-05 09:40:04 #1 store] 
Database '/home/etienne/Desktop/IFT287/IFT287/TP3/JardinCollectif/jardin.odb' is opened by 55571@etienne-Inspiron-7570

[2020-11-05 09:40:04 #2 store] 
Configuration path: ?

[2020-11-05 09:40:04 #3 type] 
Type JardinCollectif.TupleLot is not enhanced.

[2020-11-05 09:40:04 #4 type] 
Type JardinCollectif.TupleMembre is not enhanced.

[2020-11-05 09:40:04 #5 type] 
Type JardinCollectif.TuplePlante is not enhanced.

[2020-11-05 09:40:04 #6 type] 
Type JardinCollectif.TuplePlants is not enhanced.

------------------------------------------------------------------------------------------------------------------------

[2020-11-05 09:40:45 #1 store] 
Database '/home/etienne/Desktop/IFT287/IFT287/TP3/JardinCollectif/jardin.odb' is opened by 55702@etienne-Inspiron-7570

[2020-11-05 09:40:45 #2 store] 
Configuration path: ?

[2020-11-05 09:40:45 #3 type] 
Type JardinCollectif.TupleLot is not enhanced.

[2020-11-05 09:40:45 #4 type] 
Type JardinCollectif.TupleMembre is not enhanced.

[2020-11-05 09:40:45 #5 type] 
Type JardinCollectif.TuplePlante is not enhanced.

[2020-11-05 09:40:45 #6 type] 
Type JardinCollectif.TuplePlants is not enhanced.

[2020-11-05 09:41:06 #7 store] 
Database '/home/etienne/Desktop/IFT287/IFT287/TP3/JardinCollectif/jardin.odb' is closed by 55702@etienne-Inspiron-7570

------------------------------------------------------------------------------------------------------------------------

[2020-11-05 09:41:12 #1 store] 
Database '/home/etienne/Desktop/IFT287/IFT287/TP3/JardinCollectif/jardin.odb' is opened by 55732@etienne-Inspiron-7570

[2020-11-05 09:41:12 #2 store] 
Configuration path: ?

[2020-11-05 09:41:12 #3 type] 
Type JardinCollectif.TupleLot is not enhanced.

[2020-11-05 09:41:12 #4 type] 
Type JardinCollectif.TupleMembre is not enhanced.

[2020-11-05 09:41:12 #5 type] 
Type JardinCollectif.TuplePlante is not enhanced.

[2020-11-05 09:41:12 #6 type] 
Type JardinCollectif.TuplePlants is not enhanced.

------------------------------------------------------------------------------------------------------------------------

[2020-11-05 09:45:50 #1 store] 
Database '/home/etienne/Desktop/IFT287/IFT287/TP3/JardinCollectif/jardin.odb' is opened by 55927@etienne-Inspiron-7570

[2020-11-05 09:45:50 #2 store] 
Configuration path: ?

[2020-11-05 09:45:50 #3 type] 
Type JardinCollectif.TupleLot is not enhanced.

[2020-11-05 09:45:50 #4 type] 
Type JardinCollectif.TupleMembre is not enhanced.

[2020-11-05 09:45:50 #5 type] 
Type JardinCollectif.TuplePlante is not enhanced.

[2020-11-05 09:45:50 #6 type] 
Type JardinCollectif.TuplePlants is not enhanced.

[2020-11-05 09:46:04 #7 store] 
Database '/home/etienne/Desktop/IFT287/IFT287/TP3/JardinCollectif/jardin.odb' is closed by 55927@etienne-Inspiron-7570

------------------------------------------------------------------------------------------------------------------------

[2020-11-05 09:46:13 #1 store] 
Database '/home/etienne/Desktop/IFT287/IFT287/TP3/JardinCollectif/jardin.odb' is opened by 55958@etienne-Inspiron-7570

[2020-11-05 09:46:13 #2 store] 
Configuration path: ?

[2020-11-05 09:46:13 #3 type] 
Type JardinCollectif.TupleLot is not enhanced.

[2020-11-05 09:46:13 #4 type] 
Type JardinCollectif.TupleMembre is not enhanced.

[2020-11-05 09:46:13 #5 type] 
Type JardinCollectif.TuplePlante is not enhanced.

[2020-11-05 09:46:13 #6 type] 
Type JardinCollectif.TuplePlants is not enhanced.

------------------------------------------------------------------------------------------------------------------------

[2020-11-05 09:47:57 #1 store] 
Database '/home/etienne/Desktop/IFT287/IFT287/TP3/JardinCollectif/jardin.odb' is opened by 56080@etienne-Inspiron-7570

[2020-11-05 09:47:57 #2 store] 
Configuration path: ?

[2020-11-05 09:47:57 #3 type] 
Type JardinCollectif.TupleLot is not enhanced.

[2020-11-05 09:47:57 #4 type] 
Type JardinCollectif.TupleMembre is not enhanced.

[2020-11-05 09:47:57 #5 type] 
Type JardinCollectif.TuplePlante is not enhanced.

[2020-11-05 09:47:57 #6 type] 
Type JardinCollectif.TuplePlants is not enhanced.

------------------------------------------------------------------------------------------------------------------------

[2020-11-05 09:51:49 #1 store] 
Database '/home/etienne/Desktop/IFT287/IFT287/TP3/JardinCollectif/jardin.odb' is opened by 56401@etienne-Inspiron-7570

[2020-11-05 09:51:49 #2 store] 
Configuration path: ?

[2020-11-05 09:51:49 #3 type] 
Type JardinCollectif.TupleLot is not enhanced.

[2020-11-05 09:51:49 #4 type] 
Type JardinCollectif.TupleMembre is not enhanced.

[2020-11-05 09:51:49 #5 type] 
Type JardinCollectif.TuplePlante is not enhanced.

[2020-11-05 09:51:49 #6 type] 
Type JardinCollectif.TuplePlants is not enhanced.

------------------------------------------------------------------------------------------------------------------------

[2020-11-05 09:52:48 #1 store] 
Database '/home/etienne/Desktop/IFT287/IFT287/TP3/JardinCollectif/jardin.odb' has been recovered (tr. 17-17)

[2020-11-05 09:52:48 #2 store] 
Database '/home/etienne/Desktop/IFT287/IFT287/TP3/JardinCollectif/jardin.odb' is opened by 56452@etienne-Inspiron-7570

[2020-11-05 09:52:48 #3 store] 
Configuration path: ?

[2020-11-05 09:52:48 #4 type] 
Type JardinCollectif.TupleLot is not enhanced.

[2020-11-05 09:52:48 #5 type] 
Type JardinCollectif.TupleMembre is not enhanced.

[2020-11-05 09:52:48 #6 type] 
Type JardinCollectif.TuplePlante is not enhanced.

[2020-11-05 09:52:48 #7 type] 
Type JardinCollectif.TuplePlants is not enhanced.

------------------------------------------------------------------------------------------------------------------------

[2020-11-05 10:03:20 #1 store] 
Database '/home/etienne/Desktop/IFT287/IFT287/TP3/JardinCollectif/jardin.odb' has been recovered (tr. 18-18)

[2020-11-05 10:03:20 #2 store] 
Database '/home/etienne/Desktop/IFT287/IFT287/TP3/JardinCollectif/jardin.odb' is opened by 56950@etienne-Inspiron-7570

[2020-11-05 10:03:20 #3 store] 
Configuration path: ?

[2020-11-05 10:03:20 #4 type] 
Type JardinCollectif.TupleLot is not enhanced.

[2020-11-05 10:03:20 #5 type] 
Type JardinCollectif.TupleMembre is not enhanced.

[2020-11-05 10:03:20 #6 type] 
Type JardinCollectif.TuplePlante is not enhanced.

[2020-11-05 10:03:20 #7 type] 
Type JardinCollectif.TuplePlants is not enhanced.

[2020-11-05 10:03:25 #8 store] 
Database '/home/etienne/Desktop/IFT287/IFT287/TP3/JardinCollectif/jardin.odb' is closed by 56950@etienne-Inspiron-7570

------------------------------------------------------------------------------------------------------------------------

[2020-11-05 10:05:11 #1 store] 
Database '/home/etienne/Desktop/IFT287/IFT287/TP3/JardinCollectif/jardin.odb' is opened by 57003@etienne-Inspiron-7570

[2020-11-05 10:05:11 #2 store] 
Configuration path: ?

[2020-11-05 10:05:11 #3 type] 
Type JardinCollectif.TupleLot is not enhanced.

[2020-11-05 10:05:11 #4 type] 
Type JardinCollectif.TupleMembre is not enhanced.

[2020-11-05 10:05:11 #5 type] 
Type JardinCollectif.TuplePlante is not enhanced.

[2020-11-05 10:05:11 #6 type] 
Type JardinCollectif.TuplePlants is not enhanced.

[2020-11-05 10:05:36 #7 store] 
Database '/home/etienne/Desktop/IFT287/IFT287/TP3/JardinCollectif/jardin.odb' is closed by 57003@etienne-Inspiron-7570

------------------------------------------------------------------------------------------------------------------------

[2020-11-05 10:05:56 #1 store] 
Database '/home/etienne/Desktop/IFT287/IFT287/TP3/JardinCollectif/jardin.odb' is opened by 57040@etienne-Inspiron-7570

[2020-11-05 10:05:56 #2 store] 
Configuration path: ?

[2020-11-05 10:05:56 #3 type.registry] 
New type JardinCollectif.TupleLot

[2020-11-05 10:05:56 #4 type] 
Type JardinCollectif.TupleLot is not enhanced.

[2020-11-05 10:05:56 #5 type.registry] 
New type JardinCollectif.TupleMembre

[2020-11-05 10:05:56 #6 type] 
Type JardinCollectif.TupleMembre is not enhanced.

[2020-11-05 10:05:56 #7 type.registry] 
New type JardinCollectif.TuplePlante

[2020-11-05 10:05:56 #8 type] 
Type JardinCollectif.TuplePlante is not enhanced.

[2020-11-05 10:05:56 #9 type.registry] 
New type JardinCollectif.TuplePlants

[2020-11-05 10:05:56 #10 type] 
Type JardinCollectif.TuplePlants is not enhanced.

[2020-11-05 10:06:02 #11 type.registry] 
New type java.util.ArrayList<java.lang.Object>

[2020-11-05 10:06:02 #12 type.registry] 
New type java.util.ArrayList<java.lang.Integer>

[2020-11-05 10:11:27 #13 store] 
Database '/home/etienne/Desktop/IFT287/IFT287/TP3/JardinCollectif/jardin.odb' is closed by 57040@etienne-Inspiron-7570

------------------------------------------------------------------------------------------------------------------------

[2020-11-05 10:11:29 #1 store] 
Database '/home/etienne/Desktop/IFT287/IFT287/TP3/JardinCollectif/jardin.odb' has been recovered (tr. 1-25)

[2020-11-05 10:11:29 #2 store] 
Database '/home/etienne/Desktop/IFT287/IFT287/TP3/JardinCollectif/jardin.odb' is opened by 57313@etienne-Inspiron-7570

[2020-11-05 10:11:29 #3 store] 
Configuration path: ?

[2020-11-05 10:11:29 #4 type] 
Type JardinCollectif.TupleLot is not enhanced.

[2020-11-05 10:11:29 #5 type] 
Type JardinCollectif.TupleMembre is not enhanced.

[2020-11-05 10:11:29 #6 type] 
Type JardinCollectif.TuplePlante is not enhanced.

[2020-11-05 10:11:29 #7 type] 
Type JardinCollectif.TuplePlants is not enhanced.

[2020-11-05 10:11:40 #8 store] 
Database '/home/etienne/Desktop/IFT287/IFT287/TP3/JardinCollectif/jardin.odb' is closed by 57313@etienne-Inspiron-7570

------------------------------------------------------------------------------------------------------------------------

[2020-11-05 10:11:46 #1 store] 
Database '/home/etienne/Desktop/IFT287/IFT287/TP3/JardinCollectif/jardin.odb' is opened by 57344@etienne-Inspiron-7570

[2020-11-05 10:11:46 #2 store] 
Configuration path: ?

[2020-11-05 10:11:46 #3 type] 
Type JardinCollectif.TupleLot is not enhanced.

[2020-11-05 10:11:46 #4 type] 
Type JardinCollectif.TupleMembre is not enhanced.

[2020-11-05 10:11:46 #5 type] 
Type JardinCollectif.TuplePlante is not enhanced.

[2020-11-05 10:11:46 #6 type] 
Type JardinCollectif.TuplePlants is not enhanced.

[2020-11-05 10:17:23 #7 store] 
Database '/home/etienne/Desktop/IFT287/IFT287/TP3/JardinCollectif/jardin.odb' is closed by 57344@etienne-Inspiron-7570

------------------------------------------------------------------------------------------------------------------------

[2020-11-05 10:22:51 #1 store] 
Database '/home/etienne/Desktop/IFT287/IFT287/TP3/JardinCollectif/jardin.odb' is opened by 57756@etienne-Inspiron-7570

[2020-11-05 10:22:51 #2 store] 
Configuration path: ?

[2020-11-05 10:22:51 #3 type] 
Type JardinCollectif.TupleLot is not enhanced.

[2020-11-05 10:22:51 #4 type] 
Type JardinCollectif.TupleMembre is not enhanced.

[2020-11-05 10:22:51 #5 type] 
Type JardinCollectif.TuplePlante is not enhanced.

[2020-11-05 10:22:51 #6 type] 
Type JardinCollectif.TuplePlants is not enhanced.

------------------------------------------------------------------------------------------------------------------------

[2020-11-05 13:02:30 #1 store] 
Database '/home/etienne/Desktop/IFT287/IFT287/TP3/JardinCollectif/jardin.odb' has been recovered (tr. 33-34)

[2020-11-05 13:02:30 #2 store] 
Database '/home/etienne/Desktop/IFT287/IFT287/TP3/JardinCollectif/jardin.odb' is opened by 61217@etienne-Inspiron-7570

[2020-11-05 13:02:30 #3 store] 
Configuration path: ?

[2020-11-05 13:02:30 #4 type] 
Type JardinCollectif.TupleLot is not enhanced.

[2020-11-05 13:02:30 #5 type] 
Type JardinCollectif.TupleMembre is not enhanced.

[2020-11-05 13:02:30 #6 type] 
Type JardinCollectif.TuplePlante is not enhanced.

[2020-11-05 13:02:30 #7 type] 
Type JardinCollectif.TuplePlants is not enhanced.

[2020-11-05 13:03:56 #8 store] 
Database '/home/etienne/Desktop/IFT287/IFT287/TP3/JardinCollectif/jardin.odb' is closed by 61217@etienne-Inspiron-7570

------------------------------------------------------------------------------------------------------------------------

[2020-11-05 13:04:04 #1 store] 
Database '/home/etienne/Desktop/IFT287/IFT287/TP3/JardinCollectif/jardin.odb' is opened by 61297@etienne-Inspiron-7570

[2020-11-05 13:04:04 #2 store] 
Configuration path: ?

[2020-11-05 13:04:04 #3 type] 
Type JardinCollectif.TupleLot is not enhanced.

[2020-11-05 13:04:04 #4 type] 
Type JardinCollectif.TupleMembre is not enhanced.

[2020-11-05 13:04:04 #5 type] 
Type JardinCollectif.TuplePlante is not enhanced.

[2020-11-05 13:04:04 #6 type] 
Type JardinCollectif.TuplePlants is not enhanced.

