------------------------------------------------------------------------------------------------------------------------

[2020-11-03 15:35:08 #1 type.registry] 
New type JardinCollectif.TupleLot

[2020-11-03 15:35:08 #2 type] 
Type JardinCollectif.TupleLot is not enhanced.

[2020-11-03 15:35:08 #3 type.registry] 
New type JardinCollectif.TupleMembre

[2020-11-03 15:35:08 #4 type] 
Type JardinCollectif.TupleMembre is not enhanced.

[2020-11-03 15:35:08 #5 type.registry] 
New type JardinCollectif.TuplePlante

[2020-11-03 15:35:08 #6 type] 
Type JardinCollectif.TuplePlante is not enhanced.

[2020-11-03 15:35:08 #7 type.registry] 
New type JardinCollectif.TuplePlants

[2020-11-03 15:35:08 #8 type] 
Type JardinCollectif.TuplePlants is not enhanced.

------------------------------------------------------------------------------------------------------------------------

[2020-11-03 15:36:46 #1 type] 
Type JardinCollectif.TupleLot is not enhanced.

[2020-11-03 15:36:46 #2 type] 
Type JardinCollectif.TupleMembre is not enhanced.

[2020-11-03 15:36:46 #3 type] 
Type JardinCollectif.TuplePlante is not enhanced.

[2020-11-03 15:36:46 #4 type] 
Type JardinCollectif.TuplePlants is not enhanced.

------------------------------------------------------------------------------------------------------------------------

[2020-11-03 15:37:45 #1 type] 
Type JardinCollectif.TupleLot is not enhanced.

[2020-11-03 15:37:45 #2 type] 
Type JardinCollectif.TupleMembre is not enhanced.

[2020-11-03 15:37:45 #3 type] 
Type JardinCollectif.TuplePlante is not enhanced.

[2020-11-03 15:37:45 #4 type] 
Type JardinCollectif.TuplePlants is not enhanced.

------------------------------------------------------------------------------------------------------------------------

[2020-11-03 15:38:30 #1 type] 
Type JardinCollectif.TupleLot is not enhanced.

[2020-11-03 15:38:30 #2 type] 
Type JardinCollectif.TupleMembre is not enhanced.

[2020-11-03 15:38:30 #3 type] 
Type JardinCollectif.TuplePlante is not enhanced.

[2020-11-03 15:38:30 #4 type] 
Type JardinCollectif.TuplePlants is not enhanced.

------------------------------------------------------------------------------------------------------------------------

[2020-11-03 15:41:11 #1 type] 
Type JardinCollectif.TupleLot is not enhanced.

[2020-11-03 15:41:11 #2 type] 
Type JardinCollectif.TupleMembre is not enhanced.

[2020-11-03 15:41:11 #3 type] 
Type JardinCollectif.TuplePlante is not enhanced.

[2020-11-03 15:41:11 #4 type] 
Type JardinCollectif.TuplePlants is not enhanced.

------------------------------------------------------------------------------------------------------------------------

[2020-11-03 15:42:22 #1 type] 
Type JardinCollectif.TupleLot is not enhanced.

[2020-11-03 15:42:22 #2 type] 
Type JardinCollectif.TupleMembre is not enhanced.

[2020-11-03 15:42:22 #3 type] 
Type JardinCollectif.TuplePlante is not enhanced.

[2020-11-03 15:42:22 #4 type] 
Type JardinCollectif.TuplePlants is not enhanced.

------------------------------------------------------------------------------------------------------------------------

[2020-11-03 15:43:03 #1 type] 
Type JardinCollectif.TupleLot is not enhanced.

[2020-11-03 15:43:03 #2 type] 
Type JardinCollectif.TupleMembre is not enhanced.

[2020-11-03 15:43:03 #3 type] 
Type JardinCollectif.TuplePlante is not enhanced.

[2020-11-03 15:43:03 #4 type] 
Type JardinCollectif.TuplePlants is not enhanced.

------------------------------------------------------------------------------------------------------------------------

[2020-11-03 15:44:35 #1 type] 
Type JardinCollectif.TupleLot is not enhanced.

[2020-11-03 15:44:35 #2 type] 
Type JardinCollectif.TupleMembre is not enhanced.

[2020-11-03 15:44:35 #3 type] 
Type JardinCollectif.TuplePlante is not enhanced.

[2020-11-03 15:44:35 #4 type] 
Type JardinCollectif.TuplePlants is not enhanced.

------------------------------------------------------------------------------------------------------------------------

[2020-11-03 15:49:13 #1 type] 
Type JardinCollectif.TupleLot is not enhanced.

[2020-11-03 15:49:13 #2 type] 
Type JardinCollectif.TupleMembre is not enhanced.

[2020-11-03 15:49:13 #3 type] 
Type JardinCollectif.TuplePlante is not enhanced.

[2020-11-03 15:49:13 #4 type] 
Type JardinCollectif.TuplePlants is not enhanced.

------------------------------------------------------------------------------------------------------------------------

[2020-11-03 15:49:58 #1 type] 
Type JardinCollectif.TupleLot is not enhanced.

[2020-11-03 15:49:58 #2 type] 
Type JardinCollectif.TupleMembre is not enhanced.

[2020-11-03 15:49:58 #3 type] 
Type JardinCollectif.TuplePlante is not enhanced.

[2020-11-03 15:49:58 #4 type] 
Type JardinCollectif.TuplePlants is not enhanced.

------------------------------------------------------------------------------------------------------------------------

[2020-11-03 15:50:50 #1 type] 
Type JardinCollectif.TupleLot is not enhanced.

[2020-11-03 15:50:50 #2 type] 
Type JardinCollectif.TupleMembre is not enhanced.

[2020-11-03 15:50:50 #3 type] 
Type JardinCollectif.TuplePlante is not enhanced.

[2020-11-03 15:50:50 #4 type] 
Type JardinCollectif.TuplePlants is not enhanced.

